  view1.cpp
D:\OneDrive - 國立台灣海洋大學\College\大三\graph\Project3\view1.cpp(73,34): warning C4305: '正在初始化': 從 'double' 轉換為 'float'，是由較大的類型轉換為較小的類型，可能導致資料遺失
D:\OneDrive - 國立台灣海洋大學\College\大三\graph\Project3\view1.cpp(136,11): warning C4244: '=': 將 'double' 轉換為 'float'，由於類型不同，可能導致資料遺失
D:\OneDrive - 國立台灣海洋大學\College\大三\graph\Project3\view1.cpp(137,11): warning C4244: '=': 將 'double' 轉換為 'float'，由於類型不同，可能導致資料遺失
D:\OneDrive - 國立台灣海洋大學\College\大三\graph\Project3\view1.cpp(139,17): warning C4244: '=': 將 'double' 轉換為 'float'，由於類型不同，可能導致資料遺失
D:\OneDrive - 國立台灣海洋大學\College\大三\graph\Project3\view1.cpp(140,17): warning C4244: '=': 將 'double' 轉換為 'float'，由於類型不同，可能導致資料遺失
D:\OneDrive - 國立台灣海洋大學\College\大三\graph\Project3\view1.cpp(141,17): warning C4244: '=': 將 'double' 轉換為 'float'，由於類型不同，可能導致資料遺失
D:\OneDrive - 國立台灣海洋大學\College\大三\graph\Project3\view1.cpp(174,45): warning C4305: '引數': 從 'double' 轉換為 'GLfloat'，是由較大的類型轉換為較小的類型，可能導致資料遺失
D:\OneDrive - 國立台灣海洋大學\College\大三\graph\Project3\view1.cpp(175,35): warning C4305: '引數': 從 'double' 轉換為 'GLfloat'，是由較大的類型轉換為較小的類型，可能導致資料遺失
D:\OneDrive - 國立台灣海洋大學\College\大三\graph\Project3\view1.cpp(177,47): warning C4244: '引數': 將 'double' 轉換為 'GLfloat'，由於類型不同，可能導致資料遺失
D:\OneDrive - 國立台灣海洋大學\College\大三\graph\Project3\view1.cpp(177,52): warning C4305: '引數': 從 'double' 轉換為 'GLfloat'，是由較大的類型轉換為較小的類型，可能導致資料遺失
D:\OneDrive - 國立台灣海洋大學\College\大三\graph\Project3\view1.cpp(177,27): warning C4244: '引數': 將 'double' 轉換為 'GLfloat'，由於類型不同，可能導致資料遺失
D:\OneDrive - 國立台灣海洋大學\College\大三\graph\Project3\view1.cpp(178,47): warning C4244: '引數': 將 'double' 轉換為 'GLfloat'，由於類型不同，可能導致資料遺失
D:\OneDrive - 國立台灣海洋大學\College\大三\graph\Project3\view1.cpp(178,52): warning C4305: '引數': 從 'double' 轉換為 'GLfloat'，是由較大的類型轉換為較小的類型，可能導致資料遺失
D:\OneDrive - 國立台灣海洋大學\College\大三\graph\Project3\view1.cpp(178,27): warning C4244: '引數': 將 'double' 轉換為 'GLfloat'，由於類型不同，可能導致資料遺失
D:\OneDrive - 國立台灣海洋大學\College\大三\graph\Project3\view1.cpp(179,47): warning C4244: '引數': 將 'double' 轉換為 'GLfloat'，由於類型不同，可能導致資料遺失
D:\OneDrive - 國立台灣海洋大學\College\大三\graph\Project3\view1.cpp(179,52): warning C4305: '引數': 從 'double' 轉換為 'GLfloat'，是由較大的類型轉換為較小的類型，可能導致資料遺失
D:\OneDrive - 國立台灣海洋大學\College\大三\graph\Project3\view1.cpp(179,27): warning C4244: '引數': 將 'double' 轉換為 'GLfloat'，由於類型不同，可能導致資料遺失
D:\OneDrive - 國立台灣海洋大學\College\大三\graph\Project3\view1.cpp(180,47): warning C4244: '引數': 將 'double' 轉換為 'GLfloat'，由於類型不同，可能導致資料遺失
D:\OneDrive - 國立台灣海洋大學\College\大三\graph\Project3\view1.cpp(180,52): warning C4305: '引數': 從 'double' 轉換為 'GLfloat'，是由較大的類型轉換為較小的類型，可能導致資料遺失
D:\OneDrive - 國立台灣海洋大學\College\大三\graph\Project3\view1.cpp(180,27): warning C4244: '引數': 將 'double' 轉換為 'GLfloat'，由於類型不同，可能導致資料遺失
D:\OneDrive - 國立台灣海洋大學\College\大三\graph\Project3\view1.cpp(192,26): warning C4305: '引數': 從 'double' 轉換為 'GLfloat'，是由較大的類型轉換為較小的類型，可能導致資料遺失
D:\OneDrive - 國立台灣海洋大學\College\大三\graph\Project3\view1.cpp(200,28): warning C4305: '引數': 從 'double' 轉換為 'GLfloat'，是由較大的類型轉換為較小的類型，可能導致資料遺失
D:\OneDrive - 國立台灣海洋大學\College\大三\graph\Project3\view1.cpp(209,28): warning C4305: '引數': 從 'double' 轉換為 'GLfloat'，是由較大的類型轉換為較小的類型，可能導致資料遺失
D:\OneDrive - 國立台灣海洋大學\College\大三\graph\Project3\view1.cpp(217,28): warning C4305: '引數': 從 'double' 轉換為 'GLfloat'，是由較大的類型轉換為較小的類型，可能導致資料遺失
D:\OneDrive - 國立台灣海洋大學\College\大三\graph\Project3\view1.cpp(293,16): warning C4244: '正在初始化': 將 'double' 轉換為 'GLfloat'，由於類型不同，可能導致資料遺失
D:\OneDrive - 國立台灣海洋大學\College\大三\graph\Project3\view1.cpp(295,16): warning C4244: '正在初始化': 將 'double' 轉換為 'GLfloat'，由於類型不同，可能導致資料遺失
D:\OneDrive - 國立台灣海洋大學\College\大三\graph\Project3\view1.cpp(299,16): warning C4244: '正在初始化': 將 'double' 轉換為 'GLfloat'，由於類型不同，可能導致資料遺失
D:\OneDrive - 國立台灣海洋大學\College\大三\graph\Project3\view1.cpp(300,16): warning C4244: '正在初始化': 將 'double' 轉換為 'GLfloat'，由於類型不同，可能導致資料遺失
D:\OneDrive - 國立台灣海洋大學\College\大三\graph\Project3\view1.cpp(303,16): warning C4244: '正在初始化': 將 'double' 轉換為 'GLfloat'，由於類型不同，可能導致資料遺失
D:\OneDrive - 國立台灣海洋大學\College\大三\graph\Project3\view1.cpp(304,16): warning C4244: '正在初始化': 將 'double' 轉換為 'GLfloat'，由於類型不同，可能導致資料遺失
D:\OneDrive - 國立台灣海洋大學\College\大三\graph\Project3\view1.cpp(333,64): warning C4244: '引數': 將 'double' 轉換為 'GLfloat'，由於類型不同，可能導致資料遺失
D:\OneDrive - 國立台灣海洋大學\College\大三\graph\Project3\view1.cpp(333,43): warning C4244: '引數': 將 'double' 轉換為 'GLfloat'，由於類型不同，可能導致資料遺失
D:\OneDrive - 國立台灣海洋大學\College\大三\graph\Project3\view1.cpp(333,22): warning C4244: '引數': 將 'double' 轉換為 'GLfloat'，由於類型不同，可能導致資料遺失
D:\OneDrive - 國立台灣海洋大學\College\大三\graph\Project3\view1.cpp(339,64): warning C4244: '引數': 將 'double' 轉換為 'GLfloat'，由於類型不同，可能導致資料遺失
D:\OneDrive - 國立台灣海洋大學\College\大三\graph\Project3\view1.cpp(339,43): warning C4244: '引數': 將 'double' 轉換為 'GLfloat'，由於類型不同，可能導致資料遺失
D:\OneDrive - 國立台灣海洋大學\College\大三\graph\Project3\view1.cpp(339,22): warning C4244: '引數': 將 'double' 轉換為 'GLfloat'，由於類型不同，可能導致資料遺失
D:\OneDrive - 國立台灣海洋大學\College\大三\graph\Project3\view1.cpp(345,64): warning C4244: '引數': 將 'double' 轉換為 'GLfloat'，由於類型不同，可能導致資料遺失
D:\OneDrive - 國立台灣海洋大學\College\大三\graph\Project3\view1.cpp(345,43): warning C4244: '引數': 將 'double' 轉換為 'GLfloat'，由於類型不同，可能導致資料遺失
D:\OneDrive - 國立台灣海洋大學\College\大三\graph\Project3\view1.cpp(345,22): warning C4244: '引數': 將 'double' 轉換為 'GLfloat'，由於類型不同，可能導致資料遺失
D:\OneDrive - 國立台灣海洋大學\College\大三\graph\Project3\view1.cpp(354,21): warning C4244: '正在初始化': 將 'double' 轉換為 'GLfloat'，由於類型不同，可能導致資料遺失
D:\OneDrive - 國立台灣海洋大學\College\大三\graph\Project3\view1.cpp(355,21): warning C4244: '正在初始化': 將 'double' 轉換為 'GLfloat'，由於類型不同，可能導致資料遺失
D:\OneDrive - 國立台灣海洋大學\College\大三\graph\Project3\view1.cpp(356,20): warning C4244: '正在初始化': 將 'double' 轉換為 'GLfloat'，由於類型不同，可能導致資料遺失
D:\OneDrive - 國立台灣海洋大學\College\大三\graph\Project3\view1.cpp(357,20): warning C4244: '正在初始化': 將 'double' 轉換為 'GLfloat'，由於類型不同，可能導致資料遺失
D:\OneDrive - 國立台灣海洋大學\College\大三\graph\Project3\view1.cpp(364,66): warning C4244: '引數': 將 'double' 轉換為 'GLfloat'，由於類型不同，可能導致資料遺失
D:\OneDrive - 國立台灣海洋大學\College\大三\graph\Project3\view1.cpp(370,66): warning C4244: '引數': 將 'double' 轉換為 'GLfloat'，由於類型不同，可能導致資料遺失
D:\OneDrive - 國立台灣海洋大學\College\大三\graph\Project3\view1.cpp(376,66): warning C4244: '引數': 將 'double' 轉換為 'GLfloat'，由於類型不同，可能導致資料遺失
D:\OneDrive - 國立台灣海洋大學\College\大三\graph\Project3\view1.cpp(382,66): warning C4244: '引數': 將 'double' 轉換為 'GLfloat'，由於類型不同，可能導致資料遺失
D:\OneDrive - 國立台灣海洋大學\College\大三\graph\Project3\view1.cpp(392,19): warning C4244: '引數': 將 'double' 轉換為 'GLfloat'，由於類型不同，可能導致資料遺失
D:\OneDrive - 國立台灣海洋大學\College\大三\graph\Project3\view1.cpp(395,66): warning C4244: '引數': 將 'double' 轉換為 'GLfloat'，由於類型不同，可能導致資料遺失
D:\OneDrive - 國立台灣海洋大學\College\大三\graph\Project3\view1.cpp(397,66): warning C4244: '引數': 將 'double' 轉換為 'GLfloat'，由於類型不同，可能導致資料遺失
D:\OneDrive - 國立台灣海洋大學\College\大三\graph\Project3\view1.cpp(402,19): warning C4244: '引數': 將 'double' 轉換為 'GLfloat'，由於類型不同，可能導致資料遺失
D:\OneDrive - 國立台灣海洋大學\College\大三\graph\Project3\view1.cpp(405,66): warning C4244: '引數': 將 'double' 轉換為 'GLfloat'，由於類型不同，可能導致資料遺失
D:\OneDrive - 國立台灣海洋大學\College\大三\graph\Project3\view1.cpp(407,66): warning C4244: '引數': 將 'double' 轉換為 'GLfloat'，由於類型不同，可能導致資料遺失
D:\OneDrive - 國立台灣海洋大學\College\大三\graph\Project3\view1.cpp(412,19): warning C4244: '引數': 將 'double' 轉換為 'GLfloat'，由於類型不同，可能導致資料遺失
D:\OneDrive - 國立台灣海洋大學\College\大三\graph\Project3\view1.cpp(415,66): warning C4244: '引數': 將 'double' 轉換為 'GLfloat'，由於類型不同，可能導致資料遺失
D:\OneDrive - 國立台灣海洋大學\College\大三\graph\Project3\view1.cpp(417,66): warning C4244: '引數': 將 'double' 轉換為 'GLfloat'，由於類型不同，可能導致資料遺失
D:\OneDrive - 國立台灣海洋大學\College\大三\graph\Project3\view1.cpp(422,19): warning C4244: '引數': 將 'double' 轉換為 'GLfloat'，由於類型不同，可能導致資料遺失
D:\OneDrive - 國立台灣海洋大學\College\大三\graph\Project3\view1.cpp(425,66): warning C4244: '引數': 將 'double' 轉換為 'GLfloat'，由於類型不同，可能導致資料遺失
D:\OneDrive - 國立台灣海洋大學\College\大三\graph\Project3\view1.cpp(427,66): warning C4244: '引數': 將 'double' 轉換為 'GLfloat'，由於類型不同，可能導致資料遺失
D:\OneDrive - 國立台灣海洋大學\College\大三\graph\Project3\view1.cpp(318,10): warning C4101: 'i': 未參考的區域變數
D:\OneDrive - 國立台灣海洋大學\College\大三\graph\Project3\view1.cpp(479,20): warning C4244: '引數': 將 'double' 轉換為 'GLfloat'，由於類型不同，可能導致資料遺失
D:\OneDrive - 國立台灣海洋大學\College\大三\graph\Project3\view1.cpp(479,17): warning C4244: '引數': 將 'double' 轉換為 'GLfloat'，由於類型不同，可能導致資料遺失
D:\OneDrive - 國立台灣海洋大學\College\大三\graph\Project3\view1.cpp(479,14): warning C4244: '引數': 將 'double' 轉換為 'GLfloat'，由於類型不同，可能導致資料遺失
D:\OneDrive - 國立台灣海洋大學\College\大三\graph\Project3\view1.cpp(501,20): warning C4244: '引數': 將 'double' 轉換為 'GLfloat'，由於類型不同，可能導致資料遺失
D:\OneDrive - 國立台灣海洋大學\College\大三\graph\Project3\view1.cpp(502,20): warning C4244: '引數': 將 'double' 轉換為 'GLfloat'，由於類型不同，可能導致資料遺失
D:\OneDrive - 國立台灣海洋大學\College\大三\graph\Project3\view1.cpp(502,17): warning C4244: '引數': 將 'double' 轉換為 'GLfloat'，由於類型不同，可能導致資料遺失
D:\OneDrive - 國立台灣海洋大學\College\大三\graph\Project3\view1.cpp(502,14): warning C4244: '引數': 將 'double' 轉換為 'GLfloat'，由於類型不同，可能導致資料遺失
D:\OneDrive - 國立台灣海洋大學\College\大三\graph\Project3\view1.cpp(521,32): warning C4244: '引數': 將 'double' 轉換為 'GLint'，由於類型不同，可能導致資料遺失
D:\OneDrive - 國立台灣海洋大學\College\大三\graph\Project3\view1.cpp(521,26): warning C4244: '引數': 將 'double' 轉換為 'GLint'，由於類型不同，可能導致資料遺失
D:\OneDrive - 國立台灣海洋大學\College\大三\graph\Project3\view1.cpp(530,32): warning C4244: '引數': 將 'double' 轉換為 'GLint'，由於類型不同，可能導致資料遺失
D:\OneDrive - 國立台灣海洋大學\College\大三\graph\Project3\view1.cpp(530,26): warning C4244: '引數': 將 'double' 轉換為 'GLint'，由於類型不同，可能導致資料遺失
D:\OneDrive - 國立台灣海洋大學\College\大三\graph\Project3\view1.cpp(536,32): warning C4244: '引數': 將 'double' 轉換為 'GLint'，由於類型不同，可能導致資料遺失
D:\OneDrive - 國立台灣海洋大學\College\大三\graph\Project3\view1.cpp(536,26): warning C4244: '引數': 將 'double' 轉換為 'GLint'，由於類型不同，可能導致資料遺失
D:\OneDrive - 國立台灣海洋大學\College\大三\graph\Project3\view1.cpp(552,32): warning C4244: '引數': 將 'double' 轉換為 'GLint'，由於類型不同，可能導致資料遺失
D:\OneDrive - 國立台灣海洋大學\College\大三\graph\Project3\view1.cpp(552,26): warning C4244: '引數': 將 'double' 轉換為 'GLint'，由於類型不同，可能導致資料遺失
D:\OneDrive - 國立台灣海洋大學\College\大三\graph\Project3\view1.cpp(654,30): warning C4244: '引數': 將 'double' 轉換為 'GLint'，由於類型不同，可能導致資料遺失
D:\OneDrive - 國立台灣海洋大學\College\大三\graph\Project3\view1.cpp(654,24): warning C4244: '引數': 將 'double' 轉換為 'GLint'，由於類型不同，可能導致資料遺失
D:\OneDrive - 國立台灣海洋大學\College\大三\graph\Project3\view1.cpp(659,30): warning C4305: '引數': 從 'double' 轉換為 'GLfloat'，是由較大的類型轉換為較小的類型，可能導致資料遺失
D:\OneDrive - 國立台灣海洋大學\College\大三\graph\Project3\view1.cpp(665,29): warning C4305: '引數': 從 'double' 轉換為 'GLfloat'，是由較大的類型轉換為較小的類型，可能導致資料遺失
D:\OneDrive - 國立台灣海洋大學\College\大三\graph\Project3\view1.cpp(750,24): warning C4244: '-=': 將 'double' 轉換為 'float'，由於類型不同，可能導致資料遺失
D:\OneDrive - 國立台灣海洋大學\College\大三\graph\Project3\view1.cpp(962,19): warning C4305: '=': 從 'double' 轉換為 'float'，是由較大的類型轉換為較小的類型，可能導致資料遺失
D:\OneDrive - 國立台灣海洋大學\College\大三\graph\Project3\view1.cpp(977,25): warning C4244: '正在初始化': 將 'double' 轉換為 'float'，由於類型不同，可能導致資料遺失
D:\OneDrive - 國立台灣海洋大學\College\大三\graph\Project3\view1.cpp(978,25): warning C4244: '正在初始化': 將 'double' 轉換為 'float'，由於類型不同，可能導致資料遺失
D:\OneDrive - 國立台灣海洋大學\College\大三\graph\Project3\view1.cpp(998,25): warning C4244: '正在初始化': 將 'double' 轉換為 'float'，由於類型不同，可能導致資料遺失
D:\OneDrive - 國立台灣海洋大學\College\大三\graph\Project3\view1.cpp(999,25): warning C4244: '正在初始化': 將 'double' 轉換為 'float'，由於類型不同，可能導致資料遺失
D:\OneDrive - 國立台灣海洋大學\College\大三\graph\Project3\view1.cpp(1134,35): warning C4244: '-=': 將 'double' 轉換為 'float'，由於類型不同，可能導致資料遺失
D:\OneDrive - 國立台灣海洋大學\College\大三\graph\Project3\view1.cpp(1138,45): warning C4244: '+=': 將 'double' 轉換為 'float'，由於類型不同，可能導致資料遺失
D:\OneDrive - 國立台灣海洋大學\College\大三\graph\Project3\view1.cpp(1142,49): warning C4244: '-=': 將 'double' 轉換為 'float'，由於類型不同，可能導致資料遺失
D:\OneDrive - 國立台灣海洋大學\College\大三\graph\Project3\view1.cpp(1146,49): warning C4244: '+=': 將 'double' 轉換為 'float'，由於類型不同，可能導致資料遺失
D:\OneDrive - 國立台灣海洋大學\College\大三\graph\Project3\view1.cpp(1150,35): warning C4244: '+=': 將 'double' 轉換為 'float'，由於類型不同，可能導致資料遺失
D:\OneDrive - 國立台灣海洋大學\College\大三\graph\Project3\view1.cpp(1153,35): warning C4244: '-=': 將 'double' 轉換為 'float'，由於類型不同，可能導致資料遺失
D:\OneDrive - 國立台灣海洋大學\College\大三\graph\Project3\view1.cpp(1267,1): warning C4326: 'main' 的傳回類型應該是 'int'，而非 'void'
  Project3.vcxproj -> D:\OneDrive - 國立台灣海洋大學\College\大三\graph\Project3\x64\Debug\Project3.exe
